<?xml version="1.0" encoding="UTF-8"?>
<!-- Generated by org.testng.reporters.JUnitXMLReporter -->
<testsuite hostname="Gjelal" ignored="0" tests="5" failures="0" timestamp="17 mai 2018 00:18:19 GMT" time="0.031" errors="0">
  <testcase name="testCompareToEquals" time="0.0" classname="LivreTest"/>
  <testcase name="testCompareToPlusGrandL1L2" time="0.0" classname="LivreTest"/>
  <testcase name="testCompareToPlusGrandL2L1" time="0.0" classname="LivreTest"/>
  <testcase name="testContientPaysFalse" time="0.0" classname="LivreTest"/>
  <testcase name="testContientPaysTrue" time="0.0" classname="LivreTest"/>
</testsuite>
