<?xml version="1.0" encoding="UTF-8"?>
<testng-results skipped="0" failed="0" ignored="0" total="5" passed="5">
  <reporter-output>
  </reporter-output>
  <suite name="Surefire suite" duration-ms="31" started-at="2018-05-17T00:18:19Z" finished-at="2018-05-17T00:18:19Z">
    <groups>
    </groups>
    <test name="Surefire test" duration-ms="31" started-at="2018-05-17T00:18:19Z" finished-at="2018-05-17T00:18:19Z">
      <class name="LivreTest">
        <test-method status="PASS" signature="testCompareToPlusGrandL1L2()[pri:0, instance:LivreTest@c46dcf]" name="testCompareToPlusGrandL1L2" duration-ms="0" started-at="2018-05-17T00:18:19Z" finished-at="2018-05-17T00:18:19Z">
          <reporter-output>
          </reporter-output>
        </test-method> <!-- testCompareToPlusGrandL1L2 -->
        <test-method status="PASS" signature="testCompareToPlusGrandL2L1()[pri:0, instance:LivreTest@c46dcf]" name="testCompareToPlusGrandL2L1" duration-ms="0" started-at="2018-05-17T00:18:19Z" finished-at="2018-05-17T00:18:19Z">
          <reporter-output>
          </reporter-output>
        </test-method> <!-- testCompareToPlusGrandL2L1 -->
        <test-method status="PASS" signature="testContientPaysFalse()[pri:0, instance:LivreTest@c46dcf]" name="testContientPaysFalse" duration-ms="0" started-at="2018-05-17T00:18:19Z" finished-at="2018-05-17T00:18:19Z">
          <reporter-output>
          </reporter-output>
        </test-method> <!-- testContientPaysFalse -->
        <test-method status="PASS" signature="testCompareToEquals()[pri:0, instance:LivreTest@c46dcf]" name="testCompareToEquals" duration-ms="0" started-at="2018-05-17T00:18:19Z" finished-at="2018-05-17T00:18:19Z">
          <reporter-output>
          </reporter-output>
        </test-method> <!-- testCompareToEquals -->
        <test-method status="PASS" signature="testContientPaysTrue()[pri:0, instance:LivreTest@c46dcf]" name="testContientPaysTrue" duration-ms="0" started-at="2018-05-17T00:18:19Z" finished-at="2018-05-17T00:18:19Z">
          <reporter-output>
          </reporter-output>
        </test-method> <!-- testContientPaysTrue -->
      </class> <!-- LivreTest -->
    </test> <!-- Surefire test -->
  </suite> <!-- Surefire suite -->
</testng-results>
