<?xml version="1.0" encoding="UTF-8"?>
<testsuite xmlns:xsi="http://www.w3.org/2001/XMLSchema-instance" xsi:noNamespaceSchemaLocation="https://maven.apache.org/surefire/maven-surefire-plugin/xsd/surefire-test-report.xsd" name="TestSuite" time="0.406" tests="5" errors="0" skipped="0" failures="0">
  <properties>
[...]
</properties>
  <testcase name="testCompareToEquals" classname="LivreTest" time="0"/>
  <testcase name="testCompareToPlusGrandL1L2" classname="LivreTest" time="0"/>
  <testcase name="testCompareToPlusGrandL2L1" classname="LivreTest" time="0"/>
  <testcase name="testContientPaysFalse" classname="LivreTest" time="0"/>
  <testcase name="testContientPaysTrue" classname="LivreTest" time="0"/>
</testsuite>